<?xml version="1.0" encoding="UTF-8"?>
<!-- Generated by org.testng.reporters.JUnitReportReporter -->
<testsuite hostname="DESKTOP-NBDBMI3" name="TestA" tests="3" failures="3" timestamp="25 Jun 2019 14:24:05 GMT" time="0,000" errors="0">
  <testcase name="testSampleTwo" time="0,000" classname="TestA">
    <failure type="org.openqa.selenium.WebDriverException" message="Failed to connect to binary FirefoxBinary(C:\Program Files\Mozilla Firefox\firefox.exe) on port 7055; process output follows: 
ddons.xpi	DEBUG	Calling bootstrap method startup on screenshots@mozilla.org version 37.1.0
1561472601030	addons.xpi	DEBUG	Calling bootstrap method startup on webcompat@mozilla.org version 4.0.0
1561472601031	addons.manager	DEBUG	Registering shutdown blocker for XPIProvider
1561472601031	addons.manager	DEBUG	Provider finished startup: XPIProvider
1561472601031	addons.manager	DEBUG	Starting provider: LightweightThemeManager
1561472601031	addons.manager	DEBUG	Registering shutdown blocker for LightweightThemeManager
1561472601031	addons.manager	DEBUG	Provider finished startup: LightweightThemeManager
1561472601032	addons.manager	DEBUG	Starting provider: GMPProvider
1561472601033	addons.manager	DEBUG	Registering shutdown blocker for GMPProvider
1561472601033	addons.manager	DEBUG	Provider finished startup: GMPProvider
1561472601033	addons.manager	DEBUG	Starting provider: PluginProvider
1561472601033	addons.manager	DEBUG	Registering shutdown blocker for PluginProvider
1561472601034	addons.manager	DEBUG	Provider finished startup: PluginProvider
1561472601036	addons.manager	DEBUG	Completed startup sequence
1561472601476	addons.repository	DEBUG	No addons.json found.
1561472602013	addons.xpi	DEBUG	Ignoring file: name is not a valid add-on ID: C:\Users\Cognisys\AppData\Local\Temp\anonymous5501621641288136689webdriver-profile\extensions\webdriver-staging
1561472602013	addons.xpi	DEBUG	Existing add-on formautofill@mozilla.org in app-system-defaults
1561472602013	addons.xpi	DEBUG	Existing add-on fxmonitor@mozilla.org in app-system-defaults
1561472602013	addons.xpi	DEBUG	Existing add-on screenshots@mozilla.org in app-system-defaults
1561472602013	addons.xpi	DEBUG	Existing add-on webcompat-reporter@mozilla.org in app-system-defaults
1561472602013	addons.xpi	DEBUG	Existing add-on webcompat@mozilla.org in app-system-defaults
1561472602014	addons.xpi	DEBUG	scanForChanges changed: false, state: {}
JavaScript error: resource://gre/modules/addons/XPIProvider.jsm, line 2706: TypeError: addon is null
1561472602098	addons.manager	DEBUG	Registering upgrade listener for formautofill@mozilla.org
1561472608572	addons.xpi	DEBUG	Calling bootstrap method shutdown on webcompat@mozilla.org version 4.0.0
1561472608574	addons.xpi	DEBUG	Calling bootstrap method shutdown on screenshots@mozilla.org version 37.1.0
1561472608574	addons.xpi	DEBUG	Calling bootstrap method shutdown on fxmonitor@mozilla.org version 3.0
1561472608575	addons.xpi	DEBUG	Calling bootstrap method shutdown on formautofill@mozilla.org version 1.0
[Child 15120, Chrome_ChildThread] WARNING: pipe error: 109: file z:/task_1558035249/build/src/ipc/chromium/src/chrome/common/ipc_channel_win.cc, line 341
[Child 15120, Chrome_ChildThread] WARNING: pipe error: 109: file z:/task_1558035249/build/src/ipc/chromium/src/chrome/common/ipc_channel_win.cc, line 341
[Child 7568, Chrome_ChildThread] WARNING: pipe error: 109: file z:/task_1558035249/build/src/ipc/chromium/src/chrome/common/ipc_channel_win.cc, line 341
[Child 7568, Chrome_Ch[Parent 7896, Gecko_IOThread] WARNING: pipe error: 109: file z:/task_1558035249/build/src/ipc/chromium/src/chrome/common/ipc_channel_win.cc, line 341
[Child 6888, Chrome_ChildThread] WARNING: pipe error: 109: file z:/task_1558035249/build/src/ipc/chromium/src/chrome/common/ipc_channel_win.cc, line 341
[Child 6888, Chrome_ChildThread] WARNI1561472608663	addons.manager	DEBUG	shutdown
1561472608665	addons.manager	DEBUG	Calling shutdown blocker for XPIProvider
1561472608665	addons.xpi	DEBUG	shutdown
1561472608666	addons.xpi-utils	DEBUG	shutdown
1561472608666	addons.manager	DEBUG	Calling shutdown blocker for LightweightThemeManager
1561472608666	addons.manager	DEBUG	Calling shutdown blocker for GMPProvider
1561472608666	addons.manager	DEBUG	Calling shutdown blocker for PluginProvider
1561472608670	addons.manager	DEBUG	Async provider shutdown done

###!!! [Child][RunMessage] Error: Channel closing: too late to send/recv, messages will be lost

[GPU 16
###!!! [Child][MessageChannel::SendAndWait] Error: Channel error: cannot send/recv


Build info: version: &#039;2.46.0&#039;, revision: &#039;61506a4624b13675f24581e453592342b7485d71&#039;, time: &#039;2015-06-04 10:22:50&#039;
System info: host: &#039;DESKTOP-NBDBMI3&#039;, ip: &#039;10.0.75.1&#039;, os.name: &#039;Windows 8.1&#039;, os.arch: &#039;amd64&#039;, os.version: &#039;6.3&#039;, java.version: &#039;1.8.0_45&#039;
Driver info: driver.version: FirefoxDriver">
      <![CDATA[org.openqa.selenium.WebDriverException: Failed to connect to binary FirefoxBinary(C:\Program Files\Mozilla Firefox\firefox.exe) on port 7055; process output follows: 
ddons.xpi	DEBUG	Calling bootstrap method startup on screenshots@mozilla.org version 37.1.0
1561472601030	addons.xpi	DEBUG	Calling bootstrap method startup on webcompat@mozilla.org version 4.0.0
1561472601031	addons.manager	DEBUG	Registering shutdown blocker for XPIProvider
1561472601031	addons.manager	DEBUG	Provider finished startup: XPIProvider
1561472601031	addons.manager	DEBUG	Starting provider: LightweightThemeManager
1561472601031	addons.manager	DEBUG	Registering shutdown blocker for LightweightThemeManager
1561472601031	addons.manager	DEBUG	Provider finished startup: LightweightThemeManager
1561472601032	addons.manager	DEBUG	Starting provider: GMPProvider
1561472601033	addons.manager	DEBUG	Registering shutdown blocker for GMPProvider
1561472601033	addons.manager	DEBUG	Provider finished startup: GMPProvider
1561472601033	addons.manager	DEBUG	Starting provider: PluginProvider
1561472601033	addons.manager	DEBUG	Registering shutdown blocker for PluginProvider
1561472601034	addons.manager	DEBUG	Provider finished startup: PluginProvider
1561472601036	addons.manager	DEBUG	Completed startup sequence
1561472601476	addons.repository	DEBUG	No addons.json found.
1561472602013	addons.xpi	DEBUG	Ignoring file: name is not a valid add-on ID: C:\Users\Cognisys\AppData\Local\Temp\anonymous5501621641288136689webdriver-profile\extensions\webdriver-staging
1561472602013	addons.xpi	DEBUG	Existing add-on formautofill@mozilla.org in app-system-defaults
1561472602013	addons.xpi	DEBUG	Existing add-on fxmonitor@mozilla.org in app-system-defaults
1561472602013	addons.xpi	DEBUG	Existing add-on screenshots@mozilla.org in app-system-defaults
1561472602013	addons.xpi	DEBUG	Existing add-on webcompat-reporter@mozilla.org in app-system-defaults
1561472602013	addons.xpi	DEBUG	Existing add-on webcompat@mozilla.org in app-system-defaults
1561472602014	addons.xpi	DEBUG	scanForChanges changed: false, state: {}
JavaScript error: resource://gre/modules/addons/XPIProvider.jsm, line 2706: TypeError: addon is null
1561472602098	addons.manager	DEBUG	Registering upgrade listener for formautofill@mozilla.org
1561472608572	addons.xpi	DEBUG	Calling bootstrap method shutdown on webcompat@mozilla.org version 4.0.0
1561472608574	addons.xpi	DEBUG	Calling bootstrap method shutdown on screenshots@mozilla.org version 37.1.0
1561472608574	addons.xpi	DEBUG	Calling bootstrap method shutdown on fxmonitor@mozilla.org version 3.0
1561472608575	addons.xpi	DEBUG	Calling bootstrap method shutdown on formautofill@mozilla.org version 1.0
[Child 15120, Chrome_ChildThread] WARNING: pipe error: 109: file z:/task_1558035249/build/src/ipc/chromium/src/chrome/common/ipc_channel_win.cc, line 341
[Child 15120, Chrome_ChildThread] WARNING: pipe error: 109: file z:/task_1558035249/build/src/ipc/chromium/src/chrome/common/ipc_channel_win.cc, line 341
[Child 7568, Chrome_ChildThread] WARNING: pipe error: 109: file z:/task_1558035249/build/src/ipc/chromium/src/chrome/common/ipc_channel_win.cc, line 341
[Child 7568, Chrome_Ch[Parent 7896, Gecko_IOThread] WARNING: pipe error: 109: file z:/task_1558035249/build/src/ipc/chromium/src/chrome/common/ipc_channel_win.cc, line 341
[Child 6888, Chrome_ChildThread] WARNING: pipe error: 109: file z:/task_1558035249/build/src/ipc/chromium/src/chrome/common/ipc_channel_win.cc, line 341
[Child 6888, Chrome_ChildThread] WARNI1561472608663	addons.manager	DEBUG	shutdown
1561472608665	addons.manager	DEBUG	Calling shutdown blocker for XPIProvider
1561472608665	addons.xpi	DEBUG	shutdown
1561472608666	addons.xpi-utils	DEBUG	shutdown
1561472608666	addons.manager	DEBUG	Calling shutdown blocker for LightweightThemeManager
1561472608666	addons.manager	DEBUG	Calling shutdown blocker for GMPProvider
1561472608666	addons.manager	DEBUG	Calling shutdown blocker for PluginProvider
1561472608670	addons.manager	DEBUG	Async provider shutdown done

###!!! [Child][RunMessage] Error: Channel closing: too late to send/recv, messages will be lost

[GPU 16
###!!! [Child][MessageChannel::SendAndWait] Error: Channel error: cannot send/recv


Build info: version: '2.46.0', revision: '61506a4624b13675f24581e453592342b7485d71', time: '2015-06-04 10:22:50'
System info: host: 'DESKTOP-NBDBMI3', ip: '10.0.75.1', os.name: 'Windows 8.1', os.arch: 'amd64', os.version: '6.3', java.version: '1.8.0_45'
Driver info: driver.version: FirefoxDriver
	at org.openqa.selenium.firefox.internal.NewProfileExtensionConnection.start(NewProfileExtensionConnection.java:132)
	at org.openqa.selenium.firefox.FirefoxDriver.startClient(FirefoxDriver.java:275)
	at org.openqa.selenium.remote.RemoteWebDriver.<init>(RemoteWebDriver.java:116)
	at org.openqa.selenium.firefox.FirefoxDriver.<init>(FirefoxDriver.java:220)
	at org.openqa.selenium.firefox.FirefoxDriver.<init>(FirefoxDriver.java:215)
	at org.openqa.selenium.firefox.FirefoxDriver.<init>(FirefoxDriver.java:211)
	at org.openqa.selenium.firefox.FirefoxDriver.<init>(FirefoxDriver.java:124)
	at TestB.setUp(TestB.java:16)
	at sun.reflect.NativeMethodAccessorImpl.invoke0(Native Method)
	at sun.reflect.NativeMethodAccessorImpl.invoke(NativeMethodAccessorImpl.java:62)
	at sun.reflect.DelegatingMethodAccessorImpl.invoke(DelegatingMethodAccessorImpl.java:43)
	at java.lang.reflect.Method.invoke(Method.java:497)
	at org.testng.internal.MethodInvocationHelper.invokeMethod(MethodInvocationHelper.java:80)
	at org.testng.internal.Invoker.invokeConfigurationMethod(Invoker.java:525)
	at org.testng.internal.Invoker.invokeConfigurations(Invoker.java:202)
	at org.testng.internal.Invoker.invokeConfigurations(Invoker.java:130)
	at org.testng.internal.TestMethodWorker.invokeBeforeClassMethods(TestMethodWorker.java:173)
	at org.testng.internal.TestMethodWorker.run(TestMethodWorker.java:105)
	at org.testng.TestRunner.runWorkers(TestRunner.java:1178)
	at org.testng.TestRunner.privateRun(TestRunner.java:757)
	at org.testng.TestRunner.run(TestRunner.java:608)
	at org.testng.SuiteRunner.runTest(SuiteRunner.java:334)
	at org.testng.SuiteRunner.runSequentially(SuiteRunner.java:329)
	at org.testng.SuiteRunner.privateRun(SuiteRunner.java:291)
	at org.testng.SuiteRunner.run(SuiteRunner.java:240)
	at org.testng.SuiteRunnerWorker.runSuite(SuiteRunnerWorker.java:52)
	at org.testng.SuiteRunnerWorker.run(SuiteRunnerWorker.java:86)
	at org.testng.TestNG.runSuitesSequentially(TestNG.java:1158)
	at org.testng.TestNG.runSuitesLocally(TestNG.java:1083)
	at org.testng.TestNG.run(TestNG.java:999)
	at org.apache.maven.surefire.testng.TestNGExecutor.run(TestNGExecutor.java:177)
	at org.apache.maven.surefire.testng.TestNGXmlTestSuite.execute(TestNGXmlTestSuite.java:92)
	at org.apache.maven.surefire.testng.TestNGProvider.invoke(TestNGProvider.java:105)
	at sun.reflect.NativeMethodAccessorImpl.invoke0(Native Method)
	at sun.reflect.NativeMethodAccessorImpl.invoke(NativeMethodAccessorImpl.java:62)
	at sun.reflect.DelegatingMethodAccessorImpl.invoke(DelegatingMethodAccessorImpl.java:43)
	at java.lang.reflect.Method.invoke(Method.java:497)
	at org.apache.maven.surefire.util.ReflectionUtils.invokeMethodWithArray(ReflectionUtils.java:189)
	at org.apache.maven.surefire.booter.ProviderFactory$ProviderProxy.invoke(ProviderFactory.java:165)
	at org.apache.maven.surefire.booter.ProviderFactory.invokeProvider(ProviderFactory.java:85)
	at org.apache.maven.surefire.booter.ForkedBooter.runSuitesInProcess(ForkedBooter.java:103)
	at org.apache.maven.surefire.booter.ForkedBooter.main(ForkedBooter.java:74)
Caused by: org.openqa.selenium.firefox.NotConnectedException: Unable to connect to host 127.0.0.1 on port 7055 after 45000 ms. Firefox console output:
ddons.xpi	DEBUG	Calling bootstrap method startup on screenshots@mozilla.org version 37.1.0
1561472601030	addons.xpi	DEBUG	Calling bootstrap method startup on webcompat@mozilla.org version 4.0.0
1561472601031	addons.manager	DEBUG	Registering shutdown blocker for XPIProvider
1561472601031	addons.manager	DEBUG	Provider finished startup: XPIProvider
1561472601031	addons.manager	DEBUG	Starting provider: LightweightThemeManager
1561472601031	addons.manager	DEBUG	Registering shutdown blocker for LightweightThemeManager
1561472601031	addons.manager	DEBUG	Provider finished startup: LightweightThemeManager
1561472601032	addons.manager	DEBUG	Starting provider: GMPProvider
1561472601033	addons.manager	DEBUG	Registering shutdown blocker for GMPProvider
1561472601033	addons.manager	DEBUG	Provider finished startup: GMPProvider
1561472601033	addons.manager	DEBUG	Starting provider: PluginProvider
1561472601033	addons.manager	DEBUG	Registering shutdown blocker for PluginProvider
1561472601034	addons.manager	DEBUG	Provider finished startup: PluginProvider
1561472601036	addons.manager	DEBUG	Completed startup sequence
1561472601476	addons.repository	DEBUG	No addons.json found.
1561472602013	addons.xpi	DEBUG	Ignoring file: name is not a valid add-on ID: C:\Users\Cognisys\AppData\Local\Temp\anonymous5501621641288136689webdriver-profile\extensions\webdriver-staging
1561472602013	addons.xpi	DEBUG	Existing add-on formautofill@mozilla.org in app-system-defaults
1561472602013	addons.xpi	DEBUG	Existing add-on fxmonitor@mozilla.org in app-system-defaults
1561472602013	addons.xpi	DEBUG	Existing add-on screenshots@mozilla.org in app-system-defaults
1561472602013	addons.xpi	DEBUG	Existing add-on webcompat-reporter@mozilla.org in app-system-defaults
1561472602013	addons.xpi	DEBUG	Existing add-on webcompat@mozilla.org in app-system-defaults
1561472602014	addons.xpi	DEBUG	scanForChanges changed: false, state: {}
JavaScript error: resource://gre/modules/addons/XPIProvider.jsm, line 2706: TypeError: addon is null
1561472602098	addons.manager	DEBUG	Registering upgrade listener for formautofill@mozilla.org
1561472608572	addons.xpi	DEBUG	Calling bootstrap method shutdown on webcompat@mozilla.org version 4.0.0
1561472608574	addons.xpi	DEBUG	Calling bootstrap method shutdown on screenshots@mozilla.org version 37.1.0
1561472608574	addons.xpi	DEBUG	Calling bootstrap method shutdown on fxmonitor@mozilla.org version 3.0
1561472608575	addons.xpi	DEBUG	Calling bootstrap method shutdown on formautofill@mozilla.org version 1.0
[Child 15120, Chrome_ChildThread] WARNING: pipe error: 109: file z:/task_1558035249/build/src/ipc/chromium/src/chrome/common/ipc_channel_win.cc, line 341
[Child 15120, Chrome_ChildThread] WARNING: pipe error: 109: file z:/task_1558035249/build/src/ipc/chromium/src/chrome/common/ipc_channel_win.cc, line 341
[Child 7568, Chrome_ChildThread] WARNING: pipe error: 109: file z:/task_1558035249/build/src/ipc/chromium/src/chrome/common/ipc_channel_win.cc, line 341
[Child 7568, Chrome_Ch[Parent 7896, Gecko_IOThread] WARNING: pipe error: 109: file z:/task_1558035249/build/src/ipc/chromium/src/chrome/common/ipc_channel_win.cc, line 341
[Child 6888, Chrome_ChildThread] WARNING: pipe error: 109: file z:/task_1558035249/build/src/ipc/chromium/src/chrome/common/ipc_channel_win.cc, line 341
[Child 6888, Chrome_ChildThread] WARNI1561472608663	addons.manager	DEBUG	shutdown
1561472608665	addons.manager	DEBUG	Calling shutdown blocker for XPIProvider
1561472608665	addons.xpi	DEBUG	shutdown
1561472608666	addons.xpi-utils	DEBUG	shutdown
1561472608666	addons.manager	DEBUG	Calling shutdown blocker for LightweightThemeManager
1561472608666	addons.manager	DEBUG	Calling shutdown blocker for GMPProvider
1561472608666	addons.manager	DEBUG	Calling shutdown blocker for PluginProvider
1561472608670	addons.manager	DEBUG	Async provider shutdown done

###!!! [Child][RunMessage] Error: Channel closing: too late to send/recv, messages will be lost

[GPU 16
###!!! [Child][MessageChannel::SendAndWait] Error: Channel error: cannot send/recv


	at org.openqa.selenium.firefox.internal.NewProfileExtensionConnection.start(NewProfileExtensionConnection.java:120)
	... 41 more
]]>
    </failure>
  </testcase>
  <testcase name="testPageTitleSampleA" time="0,000" classname="TestA">
    <failure type="org.openqa.selenium.WebDriverException" message="Failed to connect to binary FirefoxBinary(C:\Program Files\Mozilla Firefox\firefox.exe) on port 7055; process output follows: 
ddons.xpi	DEBUG	Calling bootstrap method startup on screenshots@mozilla.org version 37.1.0
1561472601030	addons.xpi	DEBUG	Calling bootstrap method startup on webcompat@mozilla.org version 4.0.0
1561472601031	addons.manager	DEBUG	Registering shutdown blocker for XPIProvider
1561472601031	addons.manager	DEBUG	Provider finished startup: XPIProvider
1561472601031	addons.manager	DEBUG	Starting provider: LightweightThemeManager
1561472601031	addons.manager	DEBUG	Registering shutdown blocker for LightweightThemeManager
1561472601031	addons.manager	DEBUG	Provider finished startup: LightweightThemeManager
1561472601032	addons.manager	DEBUG	Starting provider: GMPProvider
1561472601033	addons.manager	DEBUG	Registering shutdown blocker for GMPProvider
1561472601033	addons.manager	DEBUG	Provider finished startup: GMPProvider
1561472601033	addons.manager	DEBUG	Starting provider: PluginProvider
1561472601033	addons.manager	DEBUG	Registering shutdown blocker for PluginProvider
1561472601034	addons.manager	DEBUG	Provider finished startup: PluginProvider
1561472601036	addons.manager	DEBUG	Completed startup sequence
1561472601476	addons.repository	DEBUG	No addons.json found.
1561472602013	addons.xpi	DEBUG	Ignoring file: name is not a valid add-on ID: C:\Users\Cognisys\AppData\Local\Temp\anonymous5501621641288136689webdriver-profile\extensions\webdriver-staging
1561472602013	addons.xpi	DEBUG	Existing add-on formautofill@mozilla.org in app-system-defaults
1561472602013	addons.xpi	DEBUG	Existing add-on fxmonitor@mozilla.org in app-system-defaults
1561472602013	addons.xpi	DEBUG	Existing add-on screenshots@mozilla.org in app-system-defaults
1561472602013	addons.xpi	DEBUG	Existing add-on webcompat-reporter@mozilla.org in app-system-defaults
1561472602013	addons.xpi	DEBUG	Existing add-on webcompat@mozilla.org in app-system-defaults
1561472602014	addons.xpi	DEBUG	scanForChanges changed: false, state: {}
JavaScript error: resource://gre/modules/addons/XPIProvider.jsm, line 2706: TypeError: addon is null
1561472602098	addons.manager	DEBUG	Registering upgrade listener for formautofill@mozilla.org
1561472608572	addons.xpi	DEBUG	Calling bootstrap method shutdown on webcompat@mozilla.org version 4.0.0
1561472608574	addons.xpi	DEBUG	Calling bootstrap method shutdown on screenshots@mozilla.org version 37.1.0
1561472608574	addons.xpi	DEBUG	Calling bootstrap method shutdown on fxmonitor@mozilla.org version 3.0
1561472608575	addons.xpi	DEBUG	Calling bootstrap method shutdown on formautofill@mozilla.org version 1.0
[Child 15120, Chrome_ChildThread] WARNING: pipe error: 109: file z:/task_1558035249/build/src/ipc/chromium/src/chrome/common/ipc_channel_win.cc, line 341
[Child 15120, Chrome_ChildThread] WARNING: pipe error: 109: file z:/task_1558035249/build/src/ipc/chromium/src/chrome/common/ipc_channel_win.cc, line 341
[Child 7568, Chrome_ChildThread] WARNING: pipe error: 109: file z:/task_1558035249/build/src/ipc/chromium/src/chrome/common/ipc_channel_win.cc, line 341
[Child 7568, Chrome_Ch[Parent 7896, Gecko_IOThread] WARNING: pipe error: 109: file z:/task_1558035249/build/src/ipc/chromium/src/chrome/common/ipc_channel_win.cc, line 341
[Child 6888, Chrome_ChildThread] WARNING: pipe error: 109: file z:/task_1558035249/build/src/ipc/chromium/src/chrome/common/ipc_channel_win.cc, line 341
[Child 6888, Chrome_ChildThread] WARNI1561472608663	addons.manager	DEBUG	shutdown
1561472608665	addons.manager	DEBUG	Calling shutdown blocker for XPIProvider
1561472608665	addons.xpi	DEBUG	shutdown
1561472608666	addons.xpi-utils	DEBUG	shutdown
1561472608666	addons.manager	DEBUG	Calling shutdown blocker for LightweightThemeManager
1561472608666	addons.manager	DEBUG	Calling shutdown blocker for GMPProvider
1561472608666	addons.manager	DEBUG	Calling shutdown blocker for PluginProvider
1561472608670	addons.manager	DEBUG	Async provider shutdown done

###!!! [Child][RunMessage] Error: Channel closing: too late to send/recv, messages will be lost

[GPU 16
###!!! [Child][MessageChannel::SendAndWait] Error: Channel error: cannot send/recv


Build info: version: &#039;2.46.0&#039;, revision: &#039;61506a4624b13675f24581e453592342b7485d71&#039;, time: &#039;2015-06-04 10:22:50&#039;
System info: host: &#039;DESKTOP-NBDBMI3&#039;, ip: &#039;10.0.75.1&#039;, os.name: &#039;Windows 8.1&#039;, os.arch: &#039;amd64&#039;, os.version: &#039;6.3&#039;, java.version: &#039;1.8.0_45&#039;
Driver info: driver.version: FirefoxDriver">
      <![CDATA[org.openqa.selenium.WebDriverException: Failed to connect to binary FirefoxBinary(C:\Program Files\Mozilla Firefox\firefox.exe) on port 7055; process output follows: 
ddons.xpi	DEBUG	Calling bootstrap method startup on screenshots@mozilla.org version 37.1.0
1561472601030	addons.xpi	DEBUG	Calling bootstrap method startup on webcompat@mozilla.org version 4.0.0
1561472601031	addons.manager	DEBUG	Registering shutdown blocker for XPIProvider
1561472601031	addons.manager	DEBUG	Provider finished startup: XPIProvider
1561472601031	addons.manager	DEBUG	Starting provider: LightweightThemeManager
1561472601031	addons.manager	DEBUG	Registering shutdown blocker for LightweightThemeManager
1561472601031	addons.manager	DEBUG	Provider finished startup: LightweightThemeManager
1561472601032	addons.manager	DEBUG	Starting provider: GMPProvider
1561472601033	addons.manager	DEBUG	Registering shutdown blocker for GMPProvider
1561472601033	addons.manager	DEBUG	Provider finished startup: GMPProvider
1561472601033	addons.manager	DEBUG	Starting provider: PluginProvider
1561472601033	addons.manager	DEBUG	Registering shutdown blocker for PluginProvider
1561472601034	addons.manager	DEBUG	Provider finished startup: PluginProvider
1561472601036	addons.manager	DEBUG	Completed startup sequence
1561472601476	addons.repository	DEBUG	No addons.json found.
1561472602013	addons.xpi	DEBUG	Ignoring file: name is not a valid add-on ID: C:\Users\Cognisys\AppData\Local\Temp\anonymous5501621641288136689webdriver-profile\extensions\webdriver-staging
1561472602013	addons.xpi	DEBUG	Existing add-on formautofill@mozilla.org in app-system-defaults
1561472602013	addons.xpi	DEBUG	Existing add-on fxmonitor@mozilla.org in app-system-defaults
1561472602013	addons.xpi	DEBUG	Existing add-on screenshots@mozilla.org in app-system-defaults
1561472602013	addons.xpi	DEBUG	Existing add-on webcompat-reporter@mozilla.org in app-system-defaults
1561472602013	addons.xpi	DEBUG	Existing add-on webcompat@mozilla.org in app-system-defaults
1561472602014	addons.xpi	DEBUG	scanForChanges changed: false, state: {}
JavaScript error: resource://gre/modules/addons/XPIProvider.jsm, line 2706: TypeError: addon is null
1561472602098	addons.manager	DEBUG	Registering upgrade listener for formautofill@mozilla.org
1561472608572	addons.xpi	DEBUG	Calling bootstrap method shutdown on webcompat@mozilla.org version 4.0.0
1561472608574	addons.xpi	DEBUG	Calling bootstrap method shutdown on screenshots@mozilla.org version 37.1.0
1561472608574	addons.xpi	DEBUG	Calling bootstrap method shutdown on fxmonitor@mozilla.org version 3.0
1561472608575	addons.xpi	DEBUG	Calling bootstrap method shutdown on formautofill@mozilla.org version 1.0
[Child 15120, Chrome_ChildThread] WARNING: pipe error: 109: file z:/task_1558035249/build/src/ipc/chromium/src/chrome/common/ipc_channel_win.cc, line 341
[Child 15120, Chrome_ChildThread] WARNING: pipe error: 109: file z:/task_1558035249/build/src/ipc/chromium/src/chrome/common/ipc_channel_win.cc, line 341
[Child 7568, Chrome_ChildThread] WARNING: pipe error: 109: file z:/task_1558035249/build/src/ipc/chromium/src/chrome/common/ipc_channel_win.cc, line 341
[Child 7568, Chrome_Ch[Parent 7896, Gecko_IOThread] WARNING: pipe error: 109: file z:/task_1558035249/build/src/ipc/chromium/src/chrome/common/ipc_channel_win.cc, line 341
[Child 6888, Chrome_ChildThread] WARNING: pipe error: 109: file z:/task_1558035249/build/src/ipc/chromium/src/chrome/common/ipc_channel_win.cc, line 341
[Child 6888, Chrome_ChildThread] WARNI1561472608663	addons.manager	DEBUG	shutdown
1561472608665	addons.manager	DEBUG	Calling shutdown blocker for XPIProvider
1561472608665	addons.xpi	DEBUG	shutdown
1561472608666	addons.xpi-utils	DEBUG	shutdown
1561472608666	addons.manager	DEBUG	Calling shutdown blocker for LightweightThemeManager
1561472608666	addons.manager	DEBUG	Calling shutdown blocker for GMPProvider
1561472608666	addons.manager	DEBUG	Calling shutdown blocker for PluginProvider
1561472608670	addons.manager	DEBUG	Async provider shutdown done

###!!! [Child][RunMessage] Error: Channel closing: too late to send/recv, messages will be lost

[GPU 16
###!!! [Child][MessageChannel::SendAndWait] Error: Channel error: cannot send/recv


Build info: version: '2.46.0', revision: '61506a4624b13675f24581e453592342b7485d71', time: '2015-06-04 10:22:50'
System info: host: 'DESKTOP-NBDBMI3', ip: '10.0.75.1', os.name: 'Windows 8.1', os.arch: 'amd64', os.version: '6.3', java.version: '1.8.0_45'
Driver info: driver.version: FirefoxDriver
	at org.openqa.selenium.firefox.internal.NewProfileExtensionConnection.start(NewProfileExtensionConnection.java:132)
	at org.openqa.selenium.firefox.FirefoxDriver.startClient(FirefoxDriver.java:275)
	at org.openqa.selenium.remote.RemoteWebDriver.<init>(RemoteWebDriver.java:116)
	at org.openqa.selenium.firefox.FirefoxDriver.<init>(FirefoxDriver.java:220)
	at org.openqa.selenium.firefox.FirefoxDriver.<init>(FirefoxDriver.java:215)
	at org.openqa.selenium.firefox.FirefoxDriver.<init>(FirefoxDriver.java:211)
	at org.openqa.selenium.firefox.FirefoxDriver.<init>(FirefoxDriver.java:124)
	at TestB.setUp(TestB.java:16)
	at sun.reflect.NativeMethodAccessorImpl.invoke0(Native Method)
	at sun.reflect.NativeMethodAccessorImpl.invoke(NativeMethodAccessorImpl.java:62)
	at sun.reflect.DelegatingMethodAccessorImpl.invoke(DelegatingMethodAccessorImpl.java:43)
	at java.lang.reflect.Method.invoke(Method.java:497)
	at org.testng.internal.MethodInvocationHelper.invokeMethod(MethodInvocationHelper.java:80)
	at org.testng.internal.Invoker.invokeConfigurationMethod(Invoker.java:525)
	at org.testng.internal.Invoker.invokeConfigurations(Invoker.java:202)
	at org.testng.internal.Invoker.invokeConfigurations(Invoker.java:130)
	at org.testng.internal.TestMethodWorker.invokeBeforeClassMethods(TestMethodWorker.java:173)
	at org.testng.internal.TestMethodWorker.run(TestMethodWorker.java:105)
	at org.testng.TestRunner.runWorkers(TestRunner.java:1178)
	at org.testng.TestRunner.privateRun(TestRunner.java:757)
	at org.testng.TestRunner.run(TestRunner.java:608)
	at org.testng.SuiteRunner.runTest(SuiteRunner.java:334)
	at org.testng.SuiteRunner.runSequentially(SuiteRunner.java:329)
	at org.testng.SuiteRunner.privateRun(SuiteRunner.java:291)
	at org.testng.SuiteRunner.run(SuiteRunner.java:240)
	at org.testng.SuiteRunnerWorker.runSuite(SuiteRunnerWorker.java:52)
	at org.testng.SuiteRunnerWorker.run(SuiteRunnerWorker.java:86)
	at org.testng.TestNG.runSuitesSequentially(TestNG.java:1158)
	at org.testng.TestNG.runSuitesLocally(TestNG.java:1083)
	at org.testng.TestNG.run(TestNG.java:999)
	at org.apache.maven.surefire.testng.TestNGExecutor.run(TestNGExecutor.java:177)
	at org.apache.maven.surefire.testng.TestNGXmlTestSuite.execute(TestNGXmlTestSuite.java:92)
	at org.apache.maven.surefire.testng.TestNGProvider.invoke(TestNGProvider.java:105)
	at sun.reflect.NativeMethodAccessorImpl.invoke0(Native Method)
	at sun.reflect.NativeMethodAccessorImpl.invoke(NativeMethodAccessorImpl.java:62)
	at sun.reflect.DelegatingMethodAccessorImpl.invoke(DelegatingMethodAccessorImpl.java:43)
	at java.lang.reflect.Method.invoke(Method.java:497)
	at org.apache.maven.surefire.util.ReflectionUtils.invokeMethodWithArray(ReflectionUtils.java:189)
	at org.apache.maven.surefire.booter.ProviderFactory$ProviderProxy.invoke(ProviderFactory.java:165)
	at org.apache.maven.surefire.booter.ProviderFactory.invokeProvider(ProviderFactory.java:85)
	at org.apache.maven.surefire.booter.ForkedBooter.runSuitesInProcess(ForkedBooter.java:103)
	at org.apache.maven.surefire.booter.ForkedBooter.main(ForkedBooter.java:74)
Caused by: org.openqa.selenium.firefox.NotConnectedException: Unable to connect to host 127.0.0.1 on port 7055 after 45000 ms. Firefox console output:
ddons.xpi	DEBUG	Calling bootstrap method startup on screenshots@mozilla.org version 37.1.0
1561472601030	addons.xpi	DEBUG	Calling bootstrap method startup on webcompat@mozilla.org version 4.0.0
1561472601031	addons.manager	DEBUG	Registering shutdown blocker for XPIProvider
1561472601031	addons.manager	DEBUG	Provider finished startup: XPIProvider
1561472601031	addons.manager	DEBUG	Starting provider: LightweightThemeManager
1561472601031	addons.manager	DEBUG	Registering shutdown blocker for LightweightThemeManager
1561472601031	addons.manager	DEBUG	Provider finished startup: LightweightThemeManager
1561472601032	addons.manager	DEBUG	Starting provider: GMPProvider
1561472601033	addons.manager	DEBUG	Registering shutdown blocker for GMPProvider
1561472601033	addons.manager	DEBUG	Provider finished startup: GMPProvider
1561472601033	addons.manager	DEBUG	Starting provider: PluginProvider
1561472601033	addons.manager	DEBUG	Registering shutdown blocker for PluginProvider
1561472601034	addons.manager	DEBUG	Provider finished startup: PluginProvider
1561472601036	addons.manager	DEBUG	Completed startup sequence
1561472601476	addons.repository	DEBUG	No addons.json found.
1561472602013	addons.xpi	DEBUG	Ignoring file: name is not a valid add-on ID: C:\Users\Cognisys\AppData\Local\Temp\anonymous5501621641288136689webdriver-profile\extensions\webdriver-staging
1561472602013	addons.xpi	DEBUG	Existing add-on formautofill@mozilla.org in app-system-defaults
1561472602013	addons.xpi	DEBUG	Existing add-on fxmonitor@mozilla.org in app-system-defaults
1561472602013	addons.xpi	DEBUG	Existing add-on screenshots@mozilla.org in app-system-defaults
1561472602013	addons.xpi	DEBUG	Existing add-on webcompat-reporter@mozilla.org in app-system-defaults
1561472602013	addons.xpi	DEBUG	Existing add-on webcompat@mozilla.org in app-system-defaults
1561472602014	addons.xpi	DEBUG	scanForChanges changed: false, state: {}
JavaScript error: resource://gre/modules/addons/XPIProvider.jsm, line 2706: TypeError: addon is null
1561472602098	addons.manager	DEBUG	Registering upgrade listener for formautofill@mozilla.org
1561472608572	addons.xpi	DEBUG	Calling bootstrap method shutdown on webcompat@mozilla.org version 4.0.0
1561472608574	addons.xpi	DEBUG	Calling bootstrap method shutdown on screenshots@mozilla.org version 37.1.0
1561472608574	addons.xpi	DEBUG	Calling bootstrap method shutdown on fxmonitor@mozilla.org version 3.0
1561472608575	addons.xpi	DEBUG	Calling bootstrap method shutdown on formautofill@mozilla.org version 1.0
[Child 15120, Chrome_ChildThread] WARNING: pipe error: 109: file z:/task_1558035249/build/src/ipc/chromium/src/chrome/common/ipc_channel_win.cc, line 341
[Child 15120, Chrome_ChildThread] WARNING: pipe error: 109: file z:/task_1558035249/build/src/ipc/chromium/src/chrome/common/ipc_channel_win.cc, line 341
[Child 7568, Chrome_ChildThread] WARNING: pipe error: 109: file z:/task_1558035249/build/src/ipc/chromium/src/chrome/common/ipc_channel_win.cc, line 341
[Child 7568, Chrome_Ch[Parent 7896, Gecko_IOThread] WARNING: pipe error: 109: file z:/task_1558035249/build/src/ipc/chromium/src/chrome/common/ipc_channel_win.cc, line 341
[Child 6888, Chrome_ChildThread] WARNING: pipe error: 109: file z:/task_1558035249/build/src/ipc/chromium/src/chrome/common/ipc_channel_win.cc, line 341
[Child 6888, Chrome_ChildThread] WARNI1561472608663	addons.manager	DEBUG	shutdown
1561472608665	addons.manager	DEBUG	Calling shutdown blocker for XPIProvider
1561472608665	addons.xpi	DEBUG	shutdown
1561472608666	addons.xpi-utils	DEBUG	shutdown
1561472608666	addons.manager	DEBUG	Calling shutdown blocker for LightweightThemeManager
1561472608666	addons.manager	DEBUG	Calling shutdown blocker for GMPProvider
1561472608666	addons.manager	DEBUG	Calling shutdown blocker for PluginProvider
1561472608670	addons.manager	DEBUG	Async provider shutdown done

###!!! [Child][RunMessage] Error: Channel closing: too late to send/recv, messages will be lost

[GPU 16
###!!! [Child][MessageChannel::SendAndWait] Error: Channel error: cannot send/recv


	at org.openqa.selenium.firefox.internal.NewProfileExtensionConnection.start(NewProfileExtensionConnection.java:120)
	... 41 more
]]>
    </failure>
  </testcase>
  <testcase name="testSampleThree" time="0,000" classname="TestA">
    <failure type="org.openqa.selenium.WebDriverException" message="Failed to connect to binary FirefoxBinary(C:\Program Files\Mozilla Firefox\firefox.exe) on port 7055; process output follows: 
ddons.xpi	DEBUG	Calling bootstrap method startup on screenshots@mozilla.org version 37.1.0
1561472601030	addons.xpi	DEBUG	Calling bootstrap method startup on webcompat@mozilla.org version 4.0.0
1561472601031	addons.manager	DEBUG	Registering shutdown blocker for XPIProvider
1561472601031	addons.manager	DEBUG	Provider finished startup: XPIProvider
1561472601031	addons.manager	DEBUG	Starting provider: LightweightThemeManager
1561472601031	addons.manager	DEBUG	Registering shutdown blocker for LightweightThemeManager
1561472601031	addons.manager	DEBUG	Provider finished startup: LightweightThemeManager
1561472601032	addons.manager	DEBUG	Starting provider: GMPProvider
1561472601033	addons.manager	DEBUG	Registering shutdown blocker for GMPProvider
1561472601033	addons.manager	DEBUG	Provider finished startup: GMPProvider
1561472601033	addons.manager	DEBUG	Starting provider: PluginProvider
1561472601033	addons.manager	DEBUG	Registering shutdown blocker for PluginProvider
1561472601034	addons.manager	DEBUG	Provider finished startup: PluginProvider
1561472601036	addons.manager	DEBUG	Completed startup sequence
1561472601476	addons.repository	DEBUG	No addons.json found.
1561472602013	addons.xpi	DEBUG	Ignoring file: name is not a valid add-on ID: C:\Users\Cognisys\AppData\Local\Temp\anonymous5501621641288136689webdriver-profile\extensions\webdriver-staging
1561472602013	addons.xpi	DEBUG	Existing add-on formautofill@mozilla.org in app-system-defaults
1561472602013	addons.xpi	DEBUG	Existing add-on fxmonitor@mozilla.org in app-system-defaults
1561472602013	addons.xpi	DEBUG	Existing add-on screenshots@mozilla.org in app-system-defaults
1561472602013	addons.xpi	DEBUG	Existing add-on webcompat-reporter@mozilla.org in app-system-defaults
1561472602013	addons.xpi	DEBUG	Existing add-on webcompat@mozilla.org in app-system-defaults
1561472602014	addons.xpi	DEBUG	scanForChanges changed: false, state: {}
JavaScript error: resource://gre/modules/addons/XPIProvider.jsm, line 2706: TypeError: addon is null
1561472602098	addons.manager	DEBUG	Registering upgrade listener for formautofill@mozilla.org
1561472608572	addons.xpi	DEBUG	Calling bootstrap method shutdown on webcompat@mozilla.org version 4.0.0
1561472608574	addons.xpi	DEBUG	Calling bootstrap method shutdown on screenshots@mozilla.org version 37.1.0
1561472608574	addons.xpi	DEBUG	Calling bootstrap method shutdown on fxmonitor@mozilla.org version 3.0
1561472608575	addons.xpi	DEBUG	Calling bootstrap method shutdown on formautofill@mozilla.org version 1.0
[Child 15120, Chrome_ChildThread] WARNING: pipe error: 109: file z:/task_1558035249/build/src/ipc/chromium/src/chrome/common/ipc_channel_win.cc, line 341
[Child 15120, Chrome_ChildThread] WARNING: pipe error: 109: file z:/task_1558035249/build/src/ipc/chromium/src/chrome/common/ipc_channel_win.cc, line 341
[Child 7568, Chrome_ChildThread] WARNING: pipe error: 109: file z:/task_1558035249/build/src/ipc/chromium/src/chrome/common/ipc_channel_win.cc, line 341
[Child 7568, Chrome_Ch[Parent 7896, Gecko_IOThread] WARNING: pipe error: 109: file z:/task_1558035249/build/src/ipc/chromium/src/chrome/common/ipc_channel_win.cc, line 341
[Child 6888, Chrome_ChildThread] WARNING: pipe error: 109: file z:/task_1558035249/build/src/ipc/chromium/src/chrome/common/ipc_channel_win.cc, line 341
[Child 6888, Chrome_ChildThread] WARNI1561472608663	addons.manager	DEBUG	shutdown
1561472608665	addons.manager	DEBUG	Calling shutdown blocker for XPIProvider
1561472608665	addons.xpi	DEBUG	shutdown
1561472608666	addons.xpi-utils	DEBUG	shutdown
1561472608666	addons.manager	DEBUG	Calling shutdown blocker for LightweightThemeManager
1561472608666	addons.manager	DEBUG	Calling shutdown blocker for GMPProvider
1561472608666	addons.manager	DEBUG	Calling shutdown blocker for PluginProvider
1561472608670	addons.manager	DEBUG	Async provider shutdown done

###!!! [Child][RunMessage] Error: Channel closing: too late to send/recv, messages will be lost

[GPU 16
###!!! [Child][MessageChannel::SendAndWait] Error: Channel error: cannot send/recv


Build info: version: &#039;2.46.0&#039;, revision: &#039;61506a4624b13675f24581e453592342b7485d71&#039;, time: &#039;2015-06-04 10:22:50&#039;
System info: host: &#039;DESKTOP-NBDBMI3&#039;, ip: &#039;10.0.75.1&#039;, os.name: &#039;Windows 8.1&#039;, os.arch: &#039;amd64&#039;, os.version: &#039;6.3&#039;, java.version: &#039;1.8.0_45&#039;
Driver info: driver.version: FirefoxDriver">
      <![CDATA[org.openqa.selenium.WebDriverException: Failed to connect to binary FirefoxBinary(C:\Program Files\Mozilla Firefox\firefox.exe) on port 7055; process output follows: 
ddons.xpi	DEBUG	Calling bootstrap method startup on screenshots@mozilla.org version 37.1.0
1561472601030	addons.xpi	DEBUG	Calling bootstrap method startup on webcompat@mozilla.org version 4.0.0
1561472601031	addons.manager	DEBUG	Registering shutdown blocker for XPIProvider
1561472601031	addons.manager	DEBUG	Provider finished startup: XPIProvider
1561472601031	addons.manager	DEBUG	Starting provider: LightweightThemeManager
1561472601031	addons.manager	DEBUG	Registering shutdown blocker for LightweightThemeManager
1561472601031	addons.manager	DEBUG	Provider finished startup: LightweightThemeManager
1561472601032	addons.manager	DEBUG	Starting provider: GMPProvider
1561472601033	addons.manager	DEBUG	Registering shutdown blocker for GMPProvider
1561472601033	addons.manager	DEBUG	Provider finished startup: GMPProvider
1561472601033	addons.manager	DEBUG	Starting provider: PluginProvider
1561472601033	addons.manager	DEBUG	Registering shutdown blocker for PluginProvider
1561472601034	addons.manager	DEBUG	Provider finished startup: PluginProvider
1561472601036	addons.manager	DEBUG	Completed startup sequence
1561472601476	addons.repository	DEBUG	No addons.json found.
1561472602013	addons.xpi	DEBUG	Ignoring file: name is not a valid add-on ID: C:\Users\Cognisys\AppData\Local\Temp\anonymous5501621641288136689webdriver-profile\extensions\webdriver-staging
1561472602013	addons.xpi	DEBUG	Existing add-on formautofill@mozilla.org in app-system-defaults
1561472602013	addons.xpi	DEBUG	Existing add-on fxmonitor@mozilla.org in app-system-defaults
1561472602013	addons.xpi	DEBUG	Existing add-on screenshots@mozilla.org in app-system-defaults
1561472602013	addons.xpi	DEBUG	Existing add-on webcompat-reporter@mozilla.org in app-system-defaults
1561472602013	addons.xpi	DEBUG	Existing add-on webcompat@mozilla.org in app-system-defaults
1561472602014	addons.xpi	DEBUG	scanForChanges changed: false, state: {}
JavaScript error: resource://gre/modules/addons/XPIProvider.jsm, line 2706: TypeError: addon is null
1561472602098	addons.manager	DEBUG	Registering upgrade listener for formautofill@mozilla.org
1561472608572	addons.xpi	DEBUG	Calling bootstrap method shutdown on webcompat@mozilla.org version 4.0.0
1561472608574	addons.xpi	DEBUG	Calling bootstrap method shutdown on screenshots@mozilla.org version 37.1.0
1561472608574	addons.xpi	DEBUG	Calling bootstrap method shutdown on fxmonitor@mozilla.org version 3.0
1561472608575	addons.xpi	DEBUG	Calling bootstrap method shutdown on formautofill@mozilla.org version 1.0
[Child 15120, Chrome_ChildThread] WARNING: pipe error: 109: file z:/task_1558035249/build/src/ipc/chromium/src/chrome/common/ipc_channel_win.cc, line 341
[Child 15120, Chrome_ChildThread] WARNING: pipe error: 109: file z:/task_1558035249/build/src/ipc/chromium/src/chrome/common/ipc_channel_win.cc, line 341
[Child 7568, Chrome_ChildThread] WARNING: pipe error: 109: file z:/task_1558035249/build/src/ipc/chromium/src/chrome/common/ipc_channel_win.cc, line 341
[Child 7568, Chrome_Ch[Parent 7896, Gecko_IOThread] WARNING: pipe error: 109: file z:/task_1558035249/build/src/ipc/chromium/src/chrome/common/ipc_channel_win.cc, line 341
[Child 6888, Chrome_ChildThread] WARNING: pipe error: 109: file z:/task_1558035249/build/src/ipc/chromium/src/chrome/common/ipc_channel_win.cc, line 341
[Child 6888, Chrome_ChildThread] WARNI1561472608663	addons.manager	DEBUG	shutdown
1561472608665	addons.manager	DEBUG	Calling shutdown blocker for XPIProvider
1561472608665	addons.xpi	DEBUG	shutdown
1561472608666	addons.xpi-utils	DEBUG	shutdown
1561472608666	addons.manager	DEBUG	Calling shutdown blocker for LightweightThemeManager
1561472608666	addons.manager	DEBUG	Calling shutdown blocker for GMPProvider
1561472608666	addons.manager	DEBUG	Calling shutdown blocker for PluginProvider
1561472608670	addons.manager	DEBUG	Async provider shutdown done

###!!! [Child][RunMessage] Error: Channel closing: too late to send/recv, messages will be lost

[GPU 16
###!!! [Child][MessageChannel::SendAndWait] Error: Channel error: cannot send/recv


Build info: version: '2.46.0', revision: '61506a4624b13675f24581e453592342b7485d71', time: '2015-06-04 10:22:50'
System info: host: 'DESKTOP-NBDBMI3', ip: '10.0.75.1', os.name: 'Windows 8.1', os.arch: 'amd64', os.version: '6.3', java.version: '1.8.0_45'
Driver info: driver.version: FirefoxDriver
	at org.openqa.selenium.firefox.internal.NewProfileExtensionConnection.start(NewProfileExtensionConnection.java:132)
	at org.openqa.selenium.firefox.FirefoxDriver.startClient(FirefoxDriver.java:275)
	at org.openqa.selenium.remote.RemoteWebDriver.<init>(RemoteWebDriver.java:116)
	at org.openqa.selenium.firefox.FirefoxDriver.<init>(FirefoxDriver.java:220)
	at org.openqa.selenium.firefox.FirefoxDriver.<init>(FirefoxDriver.java:215)
	at org.openqa.selenium.firefox.FirefoxDriver.<init>(FirefoxDriver.java:211)
	at org.openqa.selenium.firefox.FirefoxDriver.<init>(FirefoxDriver.java:124)
	at TestB.setUp(TestB.java:16)
	at sun.reflect.NativeMethodAccessorImpl.invoke0(Native Method)
	at sun.reflect.NativeMethodAccessorImpl.invoke(NativeMethodAccessorImpl.java:62)
	at sun.reflect.DelegatingMethodAccessorImpl.invoke(DelegatingMethodAccessorImpl.java:43)
	at java.lang.reflect.Method.invoke(Method.java:497)
	at org.testng.internal.MethodInvocationHelper.invokeMethod(MethodInvocationHelper.java:80)
	at org.testng.internal.Invoker.invokeConfigurationMethod(Invoker.java:525)
	at org.testng.internal.Invoker.invokeConfigurations(Invoker.java:202)
	at org.testng.internal.Invoker.invokeConfigurations(Invoker.java:130)
	at org.testng.internal.TestMethodWorker.invokeBeforeClassMethods(TestMethodWorker.java:173)
	at org.testng.internal.TestMethodWorker.run(TestMethodWorker.java:105)
	at org.testng.TestRunner.runWorkers(TestRunner.java:1178)
	at org.testng.TestRunner.privateRun(TestRunner.java:757)
	at org.testng.TestRunner.run(TestRunner.java:608)
	at org.testng.SuiteRunner.runTest(SuiteRunner.java:334)
	at org.testng.SuiteRunner.runSequentially(SuiteRunner.java:329)
	at org.testng.SuiteRunner.privateRun(SuiteRunner.java:291)
	at org.testng.SuiteRunner.run(SuiteRunner.java:240)
	at org.testng.SuiteRunnerWorker.runSuite(SuiteRunnerWorker.java:52)
	at org.testng.SuiteRunnerWorker.run(SuiteRunnerWorker.java:86)
	at org.testng.TestNG.runSuitesSequentially(TestNG.java:1158)
	at org.testng.TestNG.runSuitesLocally(TestNG.java:1083)
	at org.testng.TestNG.run(TestNG.java:999)
	at org.apache.maven.surefire.testng.TestNGExecutor.run(TestNGExecutor.java:177)
	at org.apache.maven.surefire.testng.TestNGXmlTestSuite.execute(TestNGXmlTestSuite.java:92)
	at org.apache.maven.surefire.testng.TestNGProvider.invoke(TestNGProvider.java:105)
	at sun.reflect.NativeMethodAccessorImpl.invoke0(Native Method)
	at sun.reflect.NativeMethodAccessorImpl.invoke(NativeMethodAccessorImpl.java:62)
	at sun.reflect.DelegatingMethodAccessorImpl.invoke(DelegatingMethodAccessorImpl.java:43)
	at java.lang.reflect.Method.invoke(Method.java:497)
	at org.apache.maven.surefire.util.ReflectionUtils.invokeMethodWithArray(ReflectionUtils.java:189)
	at org.apache.maven.surefire.booter.ProviderFactory$ProviderProxy.invoke(ProviderFactory.java:165)
	at org.apache.maven.surefire.booter.ProviderFactory.invokeProvider(ProviderFactory.java:85)
	at org.apache.maven.surefire.booter.ForkedBooter.runSuitesInProcess(ForkedBooter.java:103)
	at org.apache.maven.surefire.booter.ForkedBooter.main(ForkedBooter.java:74)
Caused by: org.openqa.selenium.firefox.NotConnectedException: Unable to connect to host 127.0.0.1 on port 7055 after 45000 ms. Firefox console output:
ddons.xpi	DEBUG	Calling bootstrap method startup on screenshots@mozilla.org version 37.1.0
1561472601030	addons.xpi	DEBUG	Calling bootstrap method startup on webcompat@mozilla.org version 4.0.0
1561472601031	addons.manager	DEBUG	Registering shutdown blocker for XPIProvider
1561472601031	addons.manager	DEBUG	Provider finished startup: XPIProvider
1561472601031	addons.manager	DEBUG	Starting provider: LightweightThemeManager
1561472601031	addons.manager	DEBUG	Registering shutdown blocker for LightweightThemeManager
1561472601031	addons.manager	DEBUG	Provider finished startup: LightweightThemeManager
1561472601032	addons.manager	DEBUG	Starting provider: GMPProvider
1561472601033	addons.manager	DEBUG	Registering shutdown blocker for GMPProvider
1561472601033	addons.manager	DEBUG	Provider finished startup: GMPProvider
1561472601033	addons.manager	DEBUG	Starting provider: PluginProvider
1561472601033	addons.manager	DEBUG	Registering shutdown blocker for PluginProvider
1561472601034	addons.manager	DEBUG	Provider finished startup: PluginProvider
1561472601036	addons.manager	DEBUG	Completed startup sequence
1561472601476	addons.repository	DEBUG	No addons.json found.
1561472602013	addons.xpi	DEBUG	Ignoring file: name is not a valid add-on ID: C:\Users\Cognisys\AppData\Local\Temp\anonymous5501621641288136689webdriver-profile\extensions\webdriver-staging
1561472602013	addons.xpi	DEBUG	Existing add-on formautofill@mozilla.org in app-system-defaults
1561472602013	addons.xpi	DEBUG	Existing add-on fxmonitor@mozilla.org in app-system-defaults
1561472602013	addons.xpi	DEBUG	Existing add-on screenshots@mozilla.org in app-system-defaults
1561472602013	addons.xpi	DEBUG	Existing add-on webcompat-reporter@mozilla.org in app-system-defaults
1561472602013	addons.xpi	DEBUG	Existing add-on webcompat@mozilla.org in app-system-defaults
1561472602014	addons.xpi	DEBUG	scanForChanges changed: false, state: {}
JavaScript error: resource://gre/modules/addons/XPIProvider.jsm, line 2706: TypeError: addon is null
1561472602098	addons.manager	DEBUG	Registering upgrade listener for formautofill@mozilla.org
1561472608572	addons.xpi	DEBUG	Calling bootstrap method shutdown on webcompat@mozilla.org version 4.0.0
1561472608574	addons.xpi	DEBUG	Calling bootstrap method shutdown on screenshots@mozilla.org version 37.1.0
1561472608574	addons.xpi	DEBUG	Calling bootstrap method shutdown on fxmonitor@mozilla.org version 3.0
1561472608575	addons.xpi	DEBUG	Calling bootstrap method shutdown on formautofill@mozilla.org version 1.0
[Child 15120, Chrome_ChildThread] WARNING: pipe error: 109: file z:/task_1558035249/build/src/ipc/chromium/src/chrome/common/ipc_channel_win.cc, line 341
[Child 15120, Chrome_ChildThread] WARNING: pipe error: 109: file z:/task_1558035249/build/src/ipc/chromium/src/chrome/common/ipc_channel_win.cc, line 341
[Child 7568, Chrome_ChildThread] WARNING: pipe error: 109: file z:/task_1558035249/build/src/ipc/chromium/src/chrome/common/ipc_channel_win.cc, line 341
[Child 7568, Chrome_Ch[Parent 7896, Gecko_IOThread] WARNING: pipe error: 109: file z:/task_1558035249/build/src/ipc/chromium/src/chrome/common/ipc_channel_win.cc, line 341
[Child 6888, Chrome_ChildThread] WARNING: pipe error: 109: file z:/task_1558035249/build/src/ipc/chromium/src/chrome/common/ipc_channel_win.cc, line 341
[Child 6888, Chrome_ChildThread] WARNI1561472608663	addons.manager	DEBUG	shutdown
1561472608665	addons.manager	DEBUG	Calling shutdown blocker for XPIProvider
1561472608665	addons.xpi	DEBUG	shutdown
1561472608666	addons.xpi-utils	DEBUG	shutdown
1561472608666	addons.manager	DEBUG	Calling shutdown blocker for LightweightThemeManager
1561472608666	addons.manager	DEBUG	Calling shutdown blocker for GMPProvider
1561472608666	addons.manager	DEBUG	Calling shutdown blocker for PluginProvider
1561472608670	addons.manager	DEBUG	Async provider shutdown done

###!!! [Child][RunMessage] Error: Channel closing: too late to send/recv, messages will be lost

[GPU 16
###!!! [Child][MessageChannel::SendAndWait] Error: Channel error: cannot send/recv


	at org.openqa.selenium.firefox.internal.NewProfileExtensionConnection.start(NewProfileExtensionConnection.java:120)
	... 41 more
]]>
    </failure>
  </testcase>
</testsuite>
